<?xml version="1.0" encoding="UTF-8"?>
<!-- Generated by org.testng.reporters.JUnitReportReporter -->
<testsuite hostname="INLPF3L81KM" failures="0" tests="1" name="testRunner.TestRunner" time="87.684" errors="0" timestamp="2024-11-18T15:39:28 GMT" skipped="0">
  <testcase classname="testRunner.TestRunner" name="runScenario" time="87.684"/>
</testsuite> <!-- testRunner.TestRunner -->
